0 info it worked if it ends with ok
1 verbose cli [ 'C:\\Program Files\\nodejs\\node.exe',
1 verbose cli   'C:\\Users\\JMagsaysay\\AppData\\Roaming\\npm\\node_modules\\npm\\bin\\npm-cli.js',
1 verbose cli   'start' ]
2 info using npm@3.8.8
3 info using node@v6.0.0
4 verbose run-script [ 'prestart', 'start', 'poststart' ]
5 info lifecycle jillian_magsaysay_site@0.15.0~prestart: jillian_magsaysay_site@0.15.0
6 silly lifecycle jillian_magsaysay_site@0.15.0~prestart: no script for prestart, continuing
7 info lifecycle jillian_magsaysay_site@0.15.0~start: jillian_magsaysay_site@0.15.0
8 verbose lifecycle jillian_magsaysay_site@0.15.0~start: unsafe-perm in lifecycle true
9 verbose lifecycle jillian_magsaysay_site@0.15.0~start: PATH: C:\Users\JMagsaysay\AppData\Roaming\npm\node_modules\npm\bin\node-gyp-bin;C:\Projects\Playground\mysite\node_modules\.bin;C:\Program Files\nodejs;C:\Users\JMagsaysay\AppData\Roaming\npm;C:\Program Files\nodejs\;C:\ProgramData\Oracle\Java\javapath;C:\Windows\system32;C:\Windows;C:\Windows\System32\Wbem;C:\Windows\System32\WindowsPowerShell\v1.0\;C:\Program Files\Microsoft SQL Server\Client SDK\ODBC\110\Tools\Binn\;C:\Program Files (x86)\Microsoft SQL Server\120\Tools\Binn\;C:\Program Files\Microsoft SQL Server\120\Tools\Binn\;C:\Program Files\Microsoft SQL Server\120\DTS\Binn\;C:\Program Files (x86)\Microsoft SQL Server\120\Tools\Binn\ManagementStudio\;C:\Program Files (x86)\Microsoft SQL Server\120\DTS\Binn\;C:\Users\JMagsaysay\.dnx\bin;C:\Program Files\Microsoft DNX\Dnvm\;C:\Program Files\Microsoft SQL Server\130\Tools\Binn\;C:\Program Files\Git\cmd;C:\Program Files\TortoiseGit\bin;C:\Program Files (x86)\Microsoft SDKs\TypeScript\1.7;C:\Program Files\Microsoft\Web Platform Installer\;C:\Program Files\nodejs\;C:\Program Files\SourceGear\Common\DiffMerge\;C:\Program Files (x86)\Heroku\bin;C:\Program Files (x86)\git\cmd;C:\Program Files (x86)\Git\cmd;C:\Users\JMagsaysay\AppData\Local\atom\bin;C:\Users\JMagsaysay\AppData\Roaming\npm
10 verbose lifecycle jillian_magsaysay_site@0.15.0~start: CWD: C:\Projects\Playground\mysite
11 silly lifecycle jillian_magsaysay_site@0.15.0~start: Args: [ '/d /s /c',
11 silly lifecycle   'webpack-dev-server --config webpack-dev-server.config.js --progress --inline --colors' ]
12 silly lifecycle jillian_magsaysay_site@0.15.0~start: Returned: code: 1  signal: null
13 info lifecycle jillian_magsaysay_site@0.15.0~start: Failed to exec start script
14 verbose stack Error: jillian_magsaysay_site@0.15.0 start: `webpack-dev-server --config webpack-dev-server.config.js --progress --inline --colors`
14 verbose stack Exit status 1
14 verbose stack     at EventEmitter.<anonymous> (C:\Users\JMagsaysay\AppData\Roaming\npm\node_modules\npm\lib\utils\lifecycle.js:244:16)
14 verbose stack     at emitTwo (events.js:106:13)
14 verbose stack     at EventEmitter.emit (events.js:191:7)
14 verbose stack     at ChildProcess.<anonymous> (C:\Users\JMagsaysay\AppData\Roaming\npm\node_modules\npm\lib\utils\spawn.js:24:14)
14 verbose stack     at emitTwo (events.js:106:13)
14 verbose stack     at ChildProcess.emit (events.js:191:7)
14 verbose stack     at maybeClose (internal/child_process.js:850:16)
14 verbose stack     at Process.ChildProcess._handle.onexit (internal/child_process.js:215:5)
15 verbose pkgid jillian_magsaysay_site@0.15.0
16 verbose cwd C:\Projects\Playground\mysite
17 error Windows_NT 10.0.10586
18 error argv "C:\\Program Files\\nodejs\\node.exe" "C:\\Users\\JMagsaysay\\AppData\\Roaming\\npm\\node_modules\\npm\\bin\\npm-cli.js" "start"
19 error node v6.0.0
20 error npm  v3.8.8
21 error code ELIFECYCLE
22 error jillian_magsaysay_site@0.15.0 start: `webpack-dev-server --config webpack-dev-server.config.js --progress --inline --colors`
22 error Exit status 1
23 error Failed at the jillian_magsaysay_site@0.15.0 start script 'webpack-dev-server --config webpack-dev-server.config.js --progress --inline --colors'.
23 error Make sure you have the latest version of node.js and npm installed.
23 error If you do, this is most likely a problem with the jillian_magsaysay_site package,
23 error not with npm itself.
23 error Tell the author that this fails on your system:
23 error     webpack-dev-server --config webpack-dev-server.config.js --progress --inline --colors
23 error You can get information on how to open an issue for this project with:
23 error     npm bugs jillian_magsaysay_site
23 error Or if that isn't available, you can get their info via:
23 error     npm owner ls jillian_magsaysay_site
23 error There is likely additional logging output above.
24 verbose exit [ 1, true ]
